This file contains any messages produced by compilers while
running configure, to aid debugging if configure makes a mistake.

It was created by GNU Aspell configure 0.60.6.1, which was
generated by GNU Autoconf 2.61.  Invocation command line was

  $ ./configure --prefix=/app/user/aspell

## --------- ##
## Platform. ##
## --------- ##

hostname = makino-VirtualBox
uname -m = x86_64
uname -r = 3.19.0-15-generic
uname -s = Linux
uname -v = #15-Ubuntu SMP Thu Apr 16 23:32:37 UTC 2015

/usr/bin/uname -p = unknown
/bin/uname -X     = unknown

/bin/arch              = unknown
/usr/bin/arch -k       = unknown
/usr/convex/getsysinfo = unknown
/usr/bin/hostinfo      = unknown
/bin/machine           = unknown
/usr/bin/oslevel       = unknown
/bin/universe          = unknown

PATH: /usr/local/heroku/bin
PATH: /usr/local/sbin
PATH: /usr/local/bin
PATH: /usr/sbin
PATH: /usr/bin
PATH: /sbin
PATH: /bin
PATH: /usr/games
PATH: /usr/local/games


## ----------- ##
## Core tests. ##
## ----------- ##

configure:2025: checking build system type
configure:2043: result: x86_64-unknown-linux-gnu
configure:2065: checking host system type
configure:2080: result: x86_64-unknown-linux-gnu
configure:2102: checking target system type
configure:2117: result: x86_64-unknown-linux-gnu
configure:2160: checking for a BSD-compatible install
configure:2216: result: /usr/bin/install -c
configure:2227: checking whether build environment is sane
configure:2270: result: yes
configure:2404: checking for a thread-safe mkdir -p
configure:2443: result: /bin/mkdir -p
configure:2456: checking for gawk
configure:2486: result: no
configure:2456: checking for mawk
configure:2472: found /usr/bin/mawk
configure:2483: result: mawk
configure:2494: checking whether make sets $(MAKE)
configure:2515: result: yes
configure:2600: checking whether to enable maintainer-specific portions of Makefiles
configure:2609: result: no
configure:2789: checking for g++
configure:2805: found /usr/bin/g++
configure:2816: result: g++
configure:2847: checking for C++ compiler version
configure:2854: g++ --version >&5
g++ (Ubuntu 4.9.2-10ubuntu13) 4.9.2
Copyright (C) 2014 Free Software Foundation, Inc.
This is free software; see the source for copying conditions.  There is NO
warranty; not even for MERCHANTABILITY or FITNESS FOR A PARTICULAR PURPOSE.

configure:2857: $? = 0
configure:2864: g++ -v >&5
Using built-in specs.
COLLECT_GCC=g++
COLLECT_LTO_WRAPPER=/usr/lib/gcc/x86_64-linux-gnu/4.9/lto-wrapper
Target: x86_64-linux-gnu
Configured with: ../src/configure -v --with-pkgversion='Ubuntu 4.9.2-10ubuntu13' --with-bugurl=file:///usr/share/doc/gcc-4.9/README.Bugs --enable-languages=c,c++,java,go,d,fortran,objc,obj-c++ --prefix=/usr --program-suffix=-4.9 --enable-shared --enable-linker-build-id --libexecdir=/usr/lib --without-included-gettext --enable-threads=posix --with-gxx-include-dir=/usr/include/c++/4.9 --libdir=/usr/lib --enable-nls --with-sysroot=/ --enable-clocale=gnu --enable-libstdcxx-debug --enable-libstdcxx-time=yes --enable-gnu-unique-object --disable-vtable-verify --enable-plugin --with-system-zlib --disable-browser-plugin --enable-java-awt=gtk --enable-gtk-cairo --with-java-home=/usr/lib/jvm/java-1.5.0-gcj-4.9-amd64/jre --enable-java-home --with-jvm-root-dir=/usr/lib/jvm/java-1.5.0-gcj-4.9-amd64 --with-jvm-jar-dir=/usr/lib/jvm-exports/java-1.5.0-gcj-4.9-amd64 --with-arch-directory=amd64 --with-ecj-jar=/usr/share/java/eclipse-ecj.jar --enable-objc-gc --enable-multiarch --disable-werror --with-arch-32=i686 --with-abi=m64 --with-multilib-list=m32,m64,mx32 --enable-multilib --with-tune=generic --enable-checking=release --build=x86_64-linux-gnu --host=x86_64-linux-gnu --target=x86_64-linux-gnu
Thread model: posix
gcc version 4.9.2 (Ubuntu 4.9.2-10ubuntu13) 
configure:2867: $? = 0
configure:2874: g++ -V >&5
g++: error: unrecognized command line option '-V'
g++: fatal error: no input files
compilation terminated.
configure:2877: $? = 4
configure:2900: checking for C++ compiler default output file name
configure:2927: g++    conftest.cpp  >&5
configure:2930: $? = 0
configure:2968: result: a.out
configure:2985: checking whether the C++ compiler works
configure:2995: ./a.out
configure:2998: $? = 0
configure:3015: result: yes
configure:3022: checking whether we are cross compiling
configure:3024: result: no
configure:3027: checking for suffix of executables
configure:3034: g++ -o conftest    conftest.cpp  >&5
configure:3037: $? = 0
configure:3061: result: 
configure:3067: checking for suffix of object files
configure:3093: g++ -c   conftest.cpp >&5
configure:3096: $? = 0
configure:3119: result: o
configure:3123: checking whether we are using the GNU C++ compiler
configure:3152: g++ -c   conftest.cpp >&5
configure:3158: $? = 0
configure:3175: result: yes
configure:3180: checking whether g++ accepts -g
configure:3210: g++ -c -g  conftest.cpp >&5
configure:3216: $? = 0
configure:3315: result: yes
configure:3349: checking for style of include used by make
configure:3377: result: GNU
configure:3402: checking dependency style of g++
configure:3512: result: gcc3
configure:3587: checking for gcc
configure:3603: found /usr/bin/gcc
configure:3614: result: gcc
configure:3852: checking for C compiler version
configure:3859: gcc --version >&5
gcc (Ubuntu 4.9.2-10ubuntu13) 4.9.2
Copyright (C) 2014 Free Software Foundation, Inc.
This is free software; see the source for copying conditions.  There is NO
warranty; not even for MERCHANTABILITY or FITNESS FOR A PARTICULAR PURPOSE.

configure:3862: $? = 0
configure:3869: gcc -v >&5
Using built-in specs.
COLLECT_GCC=gcc
COLLECT_LTO_WRAPPER=/usr/lib/gcc/x86_64-linux-gnu/4.9/lto-wrapper
Target: x86_64-linux-gnu
Configured with: ../src/configure -v --with-pkgversion='Ubuntu 4.9.2-10ubuntu13' --with-bugurl=file:///usr/share/doc/gcc-4.9/README.Bugs --enable-languages=c,c++,java,go,d,fortran,objc,obj-c++ --prefix=/usr --program-suffix=-4.9 --enable-shared --enable-linker-build-id --libexecdir=/usr/lib --without-included-gettext --enable-threads=posix --with-gxx-include-dir=/usr/include/c++/4.9 --libdir=/usr/lib --enable-nls --with-sysroot=/ --enable-clocale=gnu --enable-libstdcxx-debug --enable-libstdcxx-time=yes --enable-gnu-unique-object --disable-vtable-verify --enable-plugin --with-system-zlib --disable-browser-plugin --enable-java-awt=gtk --enable-gtk-cairo --with-java-home=/usr/lib/jvm/java-1.5.0-gcj-4.9-amd64/jre --enable-java-home --with-jvm-root-dir=/usr/lib/jvm/java-1.5.0-gcj-4.9-amd64 --with-jvm-jar-dir=/usr/lib/jvm-exports/java-1.5.0-gcj-4.9-amd64 --with-arch-directory=amd64 --with-ecj-jar=/usr/share/java/eclipse-ecj.jar --enable-objc-gc --enable-multiarch --disable-werror --with-arch-32=i686 --with-abi=m64 --with-multilib-list=m32,m64,mx32 --enable-multilib --with-tune=generic --enable-checking=release --build=x86_64-linux-gnu --host=x86_64-linux-gnu --target=x86_64-linux-gnu
Thread model: posix
gcc version 4.9.2 (Ubuntu 4.9.2-10ubuntu13) 
configure:3872: $? = 0
configure:3879: gcc -V >&5
gcc: error: unrecognized command line option '-V'
gcc: fatal error: no input files
compilation terminated.
configure:3882: $? = 4
configure:3885: checking whether we are using the GNU C compiler
configure:3914: gcc -c   conftest.c >&5
configure:3920: $? = 0
configure:3937: result: yes
configure:3942: checking whether gcc accepts -g
configure:3972: gcc -c -g  conftest.c >&5
configure:3978: $? = 0
configure:4077: result: yes
configure:4094: checking for gcc option to accept ISO C89
configure:4168: gcc  -c -g -O2  conftest.c >&5
configure:4174: $? = 0
configure:4197: result: none needed
configure:4217: checking dependency style of gcc
configure:4327: result: gcc3
configure:4343: checking whether gcc and cc understand -c and -o together
configure:4378: gcc -c conftest.cpp -o conftest2.o >&5
configure:4381: $? = 0
configure:4387: gcc -c conftest.cpp -o conftest2.o >&5
configure:4390: $? = 0
configure:4401: cc -c conftest.cpp >&5
configure:4404: $? = 0
configure:4412: cc -c conftest.cpp -o conftest2.o >&5
configure:4415: $? = 0
configure:4421: cc -c conftest.cpp -o conftest2.o >&5
configure:4424: $? = 0
configure:4442: result: yes
configure:4530: checking for a sed that does not truncate output
configure:4609: result: /bin/sed
configure:4627: checking for grep that handles long lines and -e
configure:4701: result: /bin/grep
configure:4706: checking for egrep
configure:4784: result: /bin/grep -E
configure:4789: checking for fgrep
configure:4867: result: /bin/grep -F
configure:4902: checking for ld used by gcc
configure:4969: result: /usr/bin/ld
configure:4978: checking if the linker (/usr/bin/ld) is GNU ld
configure:4993: result: yes
configure:5005: checking for BSD- or MS-compatible name lister (nm)
configure:5054: result: /usr/bin/nm -B
configure:5176: checking the name lister (/usr/bin/nm -B) interface
configure:5183: g++ -c -g -O2 -fno-exceptions  conftest.cpp >&5
configure:5186: /usr/bin/nm -B "conftest.o"
configure:5189: output
0000000000000000 B some_variable
configure:5196: result: BSD nm
configure:5199: checking whether ln -s works
configure:5206: result: no, using cp -p
configure:5211: checking the maximum length of command line arguments
configure:5331: result: 1572864
configure:5348: checking whether the shell understands some XSI constructs
configure:5356: result: yes
configure:5360: checking whether the shell understands "+="
configure:5366: result: yes
configure:5401: checking for /usr/bin/ld option to reload object files
configure:5408: result: -r
configure:5435: checking how to recognize dependent libraries
configure:5625: result: pass_all
configure:5685: checking for ar
configure:5701: found /usr/bin/ar
configure:5712: result: ar
configure:5794: checking for strip
configure:5810: found /usr/bin/strip
configure:5821: result: strip
configure:5897: checking for ranlib
configure:5913: found /usr/bin/ranlib
configure:5924: result: ranlib
configure:6018: checking command to parse /usr/bin/nm -B output from gcc object
configure:6136: g++ -c -g -O2 -fno-exceptions  conftest.cpp >&5
configure:6139: $? = 0
configure:6143: /usr/bin/nm -B conftest.o \| sed -n -e 's/^.*[	 ]\([ABCDGIRSTW][ABCDGIRSTW]*\)[	 ][	 ]*\([_A-Za-z][_A-Za-z0-9]*\)$/\1 \2 \2/p' \> conftest.nm
configure:6146: $? = 0
configure:6200: g++ -o conftest -g -O2 -fno-exceptions   conftest.cpp conftstm.o >&5
configure:6203: $? = 0
configure:6241: result: ok
configure:6337: g++ -c -g -O2 -fno-exceptions  conftest.cpp >&5
configure:6340: $? = 0
configure:6817: checking how to run the C preprocessor
configure:6857: gcc -E  conftest.c
configure:6863: $? = 0
configure:6894: gcc -E  conftest.c
conftest.c:10:28: fatal error: ac_nonexistent.h: No such file or directory
 #include <ac_nonexistent.h>
                            ^
compilation terminated.
configure:6900: $? = 1
configure: failed program was:
| /* confdefs.h.  */
| #define PACKAGE_NAME "GNU Aspell"
| #define PACKAGE_TARNAME "aspell"
| #define PACKAGE_VERSION "0.60.6.1"
| #define PACKAGE_STRING "GNU Aspell 0.60.6.1"
| #define PACKAGE_BUGREPORT ""
| #define PACKAGE "aspell"
| #define VERSION "0.60.6.1"
| /* end confdefs.h.  */
| #include <ac_nonexistent.h>
configure:6933: result: gcc -E
configure:6962: gcc -E  conftest.c
configure:6968: $? = 0
configure:6999: gcc -E  conftest.c
conftest.c:10:28: fatal error: ac_nonexistent.h: No such file or directory
 #include <ac_nonexistent.h>
                            ^
compilation terminated.
configure:7005: $? = 1
configure: failed program was:
| /* confdefs.h.  */
| #define PACKAGE_NAME "GNU Aspell"
| #define PACKAGE_TARNAME "aspell"
| #define PACKAGE_VERSION "0.60.6.1"
| #define PACKAGE_STRING "GNU Aspell 0.60.6.1"
| #define PACKAGE_BUGREPORT ""
| #define PACKAGE "aspell"
| #define VERSION "0.60.6.1"
| /* end confdefs.h.  */
| #include <ac_nonexistent.h>
configure:7043: checking for ANSI C header files
configure:7073: gcc -c -g -O2  conftest.c >&5
configure:7079: $? = 0
configure:7178: gcc -o conftest -g -O2   conftest.c  >&5
configure:7181: $? = 0
configure:7187: ./conftest
configure:7190: $? = 0
configure:7207: result: yes
configure:7231: checking for sys/types.h
configure:7252: gcc -c -g -O2  conftest.c >&5
configure:7258: $? = 0
configure:7274: result: yes
configure:7231: checking for sys/stat.h
configure:7252: gcc -c -g -O2  conftest.c >&5
configure:7258: $? = 0
configure:7274: result: yes
configure:7231: checking for stdlib.h
configure:7252: gcc -c -g -O2  conftest.c >&5
configure:7258: $? = 0
configure:7274: result: yes
configure:7231: checking for string.h
configure:7252: gcc -c -g -O2  conftest.c >&5
configure:7258: $? = 0
configure:7274: result: yes
configure:7231: checking for memory.h
configure:7252: gcc -c -g -O2  conftest.c >&5
configure:7258: $? = 0
configure:7274: result: yes
configure:7231: checking for strings.h
configure:7252: gcc -c -g -O2  conftest.c >&5
configure:7258: $? = 0
configure:7274: result: yes
configure:7231: checking for inttypes.h
configure:7252: gcc -c -g -O2  conftest.c >&5
configure:7258: $? = 0
configure:7274: result: yes
configure:7231: checking for stdint.h
configure:7252: gcc -c -g -O2  conftest.c >&5
configure:7258: $? = 0
configure:7274: result: yes
configure:7231: checking for unistd.h
configure:7252: gcc -c -g -O2  conftest.c >&5
configure:7258: $? = 0
configure:7274: result: yes
configure:7290: checking for dlfcn.h
configure:7311: gcc -c -g -O2  conftest.c >&5
configure:7317: $? = 0
configure:7333: result: yes
configure:7462: checking for C++ compiler version
configure:7469: g++ --version >&5
g++ (Ubuntu 4.9.2-10ubuntu13) 4.9.2
Copyright (C) 2014 Free Software Foundation, Inc.
This is free software; see the source for copying conditions.  There is NO
warranty; not even for MERCHANTABILITY or FITNESS FOR A PARTICULAR PURPOSE.

configure:7472: $? = 0
configure:7479: g++ -v >&5
Using built-in specs.
COLLECT_GCC=g++
COLLECT_LTO_WRAPPER=/usr/lib/gcc/x86_64-linux-gnu/4.9/lto-wrapper
Target: x86_64-linux-gnu
Configured with: ../src/configure -v --with-pkgversion='Ubuntu 4.9.2-10ubuntu13' --with-bugurl=file:///usr/share/doc/gcc-4.9/README.Bugs --enable-languages=c,c++,java,go,d,fortran,objc,obj-c++ --prefix=/usr --program-suffix=-4.9 --enable-shared --enable-linker-build-id --libexecdir=/usr/lib --without-included-gettext --enable-threads=posix --with-gxx-include-dir=/usr/include/c++/4.9 --libdir=/usr/lib --enable-nls --with-sysroot=/ --enable-clocale=gnu --enable-libstdcxx-debug --enable-libstdcxx-time=yes --enable-gnu-unique-object --disable-vtable-verify --enable-plugin --with-system-zlib --disable-browser-plugin --enable-java-awt=gtk --enable-gtk-cairo --with-java-home=/usr/lib/jvm/java-1.5.0-gcj-4.9-amd64/jre --enable-java-home --with-jvm-root-dir=/usr/lib/jvm/java-1.5.0-gcj-4.9-amd64 --with-jvm-jar-dir=/usr/lib/jvm-exports/java-1.5.0-gcj-4.9-amd64 --with-arch-directory=amd64 --with-ecj-jar=/usr/share/java/eclipse-ecj.jar --enable-objc-gc --enable-multiarch --disable-werror --with-arch-32=i686 --with-abi=m64 --with-multilib-list=m32,m64,mx32 --enable-multilib --with-tune=generic --enable-checking=release --build=x86_64-linux-gnu --host=x86_64-linux-gnu --target=x86_64-linux-gnu
Thread model: posix
gcc version 4.9.2 (Ubuntu 4.9.2-10ubuntu13) 
configure:7482: $? = 0
configure:7489: g++ -V >&5
g++: error: unrecognized command line option '-V'
g++: fatal error: no input files
compilation terminated.
configure:7492: $? = 4
configure:7495: checking whether we are using the GNU C++ compiler
configure:7547: result: yes
configure:7552: checking whether g++ accepts -g
configure:7687: result: yes
configure:7712: checking dependency style of g++
configure:7822: result: gcc3
configure:7845: checking how to run the C++ preprocessor
configure:7881: g++ -E  conftest.cpp
configure:7887: $? = 0
configure:7918: g++ -E  conftest.cpp
conftest.cpp:21:28: fatal error: ac_nonexistent.h: No such file or directory
 #include <ac_nonexistent.h>
                            ^
compilation terminated.
configure:7924: $? = 1
configure: failed program was:
| /* confdefs.h.  */
| #define PACKAGE_NAME "GNU Aspell"
| #define PACKAGE_TARNAME "aspell"
| #define PACKAGE_VERSION "0.60.6.1"
| #define PACKAGE_STRING "GNU Aspell 0.60.6.1"
| #define PACKAGE_BUGREPORT ""
| #define PACKAGE "aspell"
| #define VERSION "0.60.6.1"
| #define STDC_HEADERS 1
| #define HAVE_SYS_TYPES_H 1
| #define HAVE_SYS_STAT_H 1
| #define HAVE_STDLIB_H 1
| #define HAVE_STRING_H 1
| #define HAVE_MEMORY_H 1
| #define HAVE_STRINGS_H 1
| #define HAVE_INTTYPES_H 1
| #define HAVE_STDINT_H 1
| #define HAVE_UNISTD_H 1
| #define HAVE_DLFCN_H 1
| /* end confdefs.h.  */
| #include <ac_nonexistent.h>
configure:7957: result: g++ -E
configure:7986: g++ -E  conftest.cpp
configure:7992: $? = 0
configure:8023: g++ -E  conftest.cpp
conftest.cpp:21:28: fatal error: ac_nonexistent.h: No such file or directory
 #include <ac_nonexistent.h>
                            ^
compilation terminated.
configure:8029: $? = 1
configure: failed program was:
| /* confdefs.h.  */
| #define PACKAGE_NAME "GNU Aspell"
| #define PACKAGE_TARNAME "aspell"
| #define PACKAGE_VERSION "0.60.6.1"
| #define PACKAGE_STRING "GNU Aspell 0.60.6.1"
| #define PACKAGE_BUGREPORT ""
| #define PACKAGE "aspell"
| #define VERSION "0.60.6.1"
| #define STDC_HEADERS 1
| #define HAVE_SYS_TYPES_H 1
| #define HAVE_SYS_STAT_H 1
| #define HAVE_STDLIB_H 1
| #define HAVE_STRING_H 1
| #define HAVE_MEMORY_H 1
| #define HAVE_STRINGS_H 1
| #define HAVE_INTTYPES_H 1
| #define HAVE_STDINT_H 1
| #define HAVE_UNISTD_H 1
| #define HAVE_DLFCN_H 1
| /* end confdefs.h.  */
| #include <ac_nonexistent.h>
configure:8209: checking for objdir
configure:8224: result: .libs
configure:8520: checking if gcc supports -fno-rtti -fno-exceptions
configure:8538: gcc -c -g -O2  -fno-rtti -fno-exceptions conftest.c >&5
cc1: warning: command line option '-fno-rtti' is valid for C++/ObjC++ but not for C
configure:8542: $? = 0
configure:8555: result: no
configure:8575: checking for gcc option to produce PIC
configure:8832: result: -fPIC -DPIC
configure:8844: checking if gcc PIC flag -fPIC -DPIC works
configure:8862: gcc -c -g -O2  -fPIC -DPIC -DPIC conftest.c >&5
configure:8866: $? = 0
configure:8879: result: yes
configure:8903: checking if gcc static flag -static works
configure:8931: result: yes
configure:8946: checking if gcc supports -c -o file.o
configure:8967: gcc -c -g -O2  -o out/conftest2.o conftest.c >&5
configure:8971: $? = 0
configure:8993: result: yes
configure:9001: checking if gcc supports -c -o file.o
configure:9048: result: yes
configure:9081: checking whether the gcc linker (/usr/bin/ld -m elf_x86_64) supports shared libraries
configure:10135: result: yes
configure:10172: checking whether -lc should be explicitly linked in
configure:10177: gcc -c -g -O2  conftest.c >&5
configure:10180: $? = 0
configure:10195: gcc -shared conftest.o  -v -Wl,-soname -Wl,conftest -o conftest 2\>\&1 \| /bin/grep  -lc  \>/dev/null 2\>\&1
configure:10198: $? = 0
configure:10210: result: no
configure:10374: checking dynamic linker characteristics
configure:10817: gcc -o conftest -g -O2   -Wl,-rpath -Wl,/foo conftest.c  >&5
configure:10823: $? = 0
configure:11053: result: GNU/Linux ld.so
configure:11155: checking how to hardcode library paths into programs
configure:11180: result: immediate
configure:11299: checking for shl_load
configure:11355: gcc -o conftest -g -O2   conftest.c  >&5
/tmp/ccjBtKlS.o: In function `main':
/var/www/dhtml/pspell-dev/aspell-0.60.6.1/conftest.c:56: undefined reference to `shl_load'
collect2: error: ld returned 1 exit status
configure:11361: $? = 1
configure: failed program was:
| /* confdefs.h.  */
| #define PACKAGE_NAME "GNU Aspell"
| #define PACKAGE_TARNAME "aspell"
| #define PACKAGE_VERSION "0.60.6.1"
| #define PACKAGE_STRING "GNU Aspell 0.60.6.1"
| #define PACKAGE_BUGREPORT ""
| #define PACKAGE "aspell"
| #define VERSION "0.60.6.1"
| #define STDC_HEADERS 1
| #define HAVE_SYS_TYPES_H 1
| #define HAVE_SYS_STAT_H 1
| #define HAVE_STDLIB_H 1
| #define HAVE_STRING_H 1
| #define HAVE_MEMORY_H 1
| #define HAVE_STRINGS_H 1
| #define HAVE_INTTYPES_H 1
| #define HAVE_STDINT_H 1
| #define HAVE_UNISTD_H 1
| #define HAVE_DLFCN_H 1
| #define LT_OBJDIR ".libs/"
| /* end confdefs.h.  */
| /* Define shl_load to an innocuous variant, in case <limits.h> declares shl_load.
|    For example, HP-UX 11i <limits.h> declares gettimeofday.  */
| #define shl_load innocuous_shl_load
| 
| /* System header to define __stub macros and hopefully few prototypes,
|     which can conflict with char shl_load (); below.
|     Prefer <limits.h> to <assert.h> if __STDC__ is defined, since
|     <limits.h> exists even on freestanding compilers.  */
| 
| #ifdef __STDC__
| # include <limits.h>
| #else
| # include <assert.h>
| #endif
| 
| #undef shl_load
| 
| /* Override any GCC internal prototype to avoid an error.
|    Use char because int might match the return type of a GCC
|    builtin and then its argument prototype would still apply.  */
| #ifdef __cplusplus
| extern "C"
| #endif
| char shl_load ();
| /* The GNU C library defines this for functions which it implements
|     to always fail with ENOSYS.  Some functions are actually named
|     something starting with __ and the normal name is an alias.  */
| #if defined __stub_shl_load || defined __stub___shl_load
| choke me
| #endif
| 
| int
| main ()
| {
| return shl_load ();
|   ;
|   return 0;
| }
configure:11378: result: no
configure:11383: checking for shl_load in -ldld
configure:11418: gcc -o conftest -g -O2   conftest.c -ldld   >&5
/usr/bin/ld: cannot find -ldld
collect2: error: ld returned 1 exit status
configure:11424: $? = 1
configure: failed program was:
| /* confdefs.h.  */
| #define PACKAGE_NAME "GNU Aspell"
| #define PACKAGE_TARNAME "aspell"
| #define PACKAGE_VERSION "0.60.6.1"
| #define PACKAGE_STRING "GNU Aspell 0.60.6.1"
| #define PACKAGE_BUGREPORT ""
| #define PACKAGE "aspell"
| #define VERSION "0.60.6.1"
| #define STDC_HEADERS 1
| #define HAVE_SYS_TYPES_H 1
| #define HAVE_SYS_STAT_H 1
| #define HAVE_STDLIB_H 1
| #define HAVE_STRING_H 1
| #define HAVE_MEMORY_H 1
| #define HAVE_STRINGS_H 1
| #define HAVE_INTTYPES_H 1
| #define HAVE_STDINT_H 1
| #define HAVE_UNISTD_H 1
| #define HAVE_DLFCN_H 1
| #define LT_OBJDIR ".libs/"
| /* end confdefs.h.  */
| 
| /* Override any GCC internal prototype to avoid an error.
|    Use char because int might match the return type of a GCC
|    builtin and then its argument prototype would still apply.  */
| #ifdef __cplusplus
| extern "C"
| #endif
| char shl_load ();
| int
| main ()
| {
| return shl_load ();
|   ;
|   return 0;
| }
configure:11442: result: no
configure:11447: checking for dlopen
configure:11503: gcc -o conftest -g -O2   conftest.c  >&5
/tmp/ccQKr6D3.o: In function `main':
/var/www/dhtml/pspell-dev/aspell-0.60.6.1/conftest.c:56: undefined reference to `dlopen'
collect2: error: ld returned 1 exit status
configure:11509: $? = 1
configure: failed program was:
| /* confdefs.h.  */
| #define PACKAGE_NAME "GNU Aspell"
| #define PACKAGE_TARNAME "aspell"
| #define PACKAGE_VERSION "0.60.6.1"
| #define PACKAGE_STRING "GNU Aspell 0.60.6.1"
| #define PACKAGE_BUGREPORT ""
| #define PACKAGE "aspell"
| #define VERSION "0.60.6.1"
| #define STDC_HEADERS 1
| #define HAVE_SYS_TYPES_H 1
| #define HAVE_SYS_STAT_H 1
| #define HAVE_STDLIB_H 1
| #define HAVE_STRING_H 1
| #define HAVE_MEMORY_H 1
| #define HAVE_STRINGS_H 1
| #define HAVE_INTTYPES_H 1
| #define HAVE_STDINT_H 1
| #define HAVE_UNISTD_H 1
| #define HAVE_DLFCN_H 1
| #define LT_OBJDIR ".libs/"
| /* end confdefs.h.  */
| /* Define dlopen to an innocuous variant, in case <limits.h> declares dlopen.
|    For example, HP-UX 11i <limits.h> declares gettimeofday.  */
| #define dlopen innocuous_dlopen
| 
| /* System header to define __stub macros and hopefully few prototypes,
|     which can conflict with char dlopen (); below.
|     Prefer <limits.h> to <assert.h> if __STDC__ is defined, since
|     <limits.h> exists even on freestanding compilers.  */
| 
| #ifdef __STDC__
| # include <limits.h>
| #else
| # include <assert.h>
| #endif
| 
| #undef dlopen
| 
| /* Override any GCC internal prototype to avoid an error.
|    Use char because int might match the return type of a GCC
|    builtin and then its argument prototype would still apply.  */
| #ifdef __cplusplus
| extern "C"
| #endif
| char dlopen ();
| /* The GNU C library defines this for functions which it implements
|     to always fail with ENOSYS.  Some functions are actually named
|     something starting with __ and the normal name is an alias.  */
| #if defined __stub_dlopen || defined __stub___dlopen
| choke me
| #endif
| 
| int
| main ()
| {
| return dlopen ();
|   ;
|   return 0;
| }
configure:11526: result: no
configure:11531: checking for dlopen in -ldl
configure:11566: gcc -o conftest -g -O2   conftest.c -ldl   >&5
configure:11572: $? = 0
configure:11590: result: yes
configure:11759: checking whether a program can dlopen itself
configure:11833: gcc -o conftest -g -O2  -DHAVE_DLFCN_H  -Wl,--export-dynamic conftest.c -ldl  >&5
configure: In function 'main':
configure:11829:5: warning: incompatible implicit declaration of built-in function 'exit'
 
     ^
configure:11836: $? = 0
configure:11854: result: yes
configure:11859: checking whether a statically linked program can dlopen itself
configure:11933: gcc -o conftest -g -O2  -DHAVE_DLFCN_H  -Wl,--export-dynamic -static conftest.c -ldl  >&5
configure: In function 'main':
configure:11929:5: warning: incompatible implicit declaration of built-in function 'exit'
 
     ^
/tmp/ccc8ML6q.o: In function `main':
/var/www/dhtml/pspell-dev/aspell-0.60.6.1/configure:11917: warning: Using 'dlopen' in statically linked applications requires at runtime the shared libraries from the glibc version used for linking
/usr/bin/ld: dynamic STT_GNU_IFUNC symbol `strcmp' with pointer equality in `/usr/lib/gcc/x86_64-linux-gnu/4.9/../../../x86_64-linux-gnu/libc.a(strcmp.o)' can not be used when making an executable; recompile with -fPIE and relink with -pie
collect2: error: ld returned 1 exit status
configure:11936: $? = 1
configure:11954: result: no
configure:11993: checking whether stripping libraries is possible
configure:11998: result: yes
configure:12033: checking if libtool supports shared libraries
configure:12035: result: yes
configure:12038: checking whether to build shared libraries
configure:12059: result: yes
configure:12062: checking whether to build static libraries
configure:12066: result: no
configure:12216: checking for ld used by g++
configure:12283: result: /usr/bin/ld -m elf_x86_64
configure:12292: checking if the linker (/usr/bin/ld -m elf_x86_64) is GNU ld
configure:12307: result: yes
configure:12362: checking whether the g++ linker (/usr/bin/ld -m elf_x86_64) supports shared libraries
configure:13324: result: yes
configure:13352: g++ -c -g -O2 -fno-exceptions  conftest.cpp >&5
configure:13355: $? = 0
configure:13537: checking for g++ option to produce PIC
configure:13846: result: -fPIC -DPIC
configure:13855: checking if g++ PIC flag -fPIC -DPIC works
configure:13873: g++ -c -g -O2 -fno-exceptions  -fPIC -DPIC -DPIC conftest.cpp >&5
configure:13877: $? = 0
configure:13890: result: yes
configure:13911: checking if g++ static flag -static works
configure:13939: result: yes
configure:13951: checking if g++ supports -c -o file.o
configure:13972: g++ -c -g -O2 -fno-exceptions  -o out/conftest2.o conftest.cpp >&5
configure:13976: $? = 0
configure:13998: result: yes
configure:14003: checking if g++ supports -c -o file.o
configure:14050: result: yes
configure:14080: checking whether the g++ linker (/usr/bin/ld -m elf_x86_64) supports shared libraries
configure:14106: result: yes
configure:14243: checking dynamic linker characteristics
configure:14634: g++ -o conftest -g -O2 -fno-exceptions   -Wl,-rpath -Wl,/foo conftest.cpp  >&5
configure:14640: $? = 0
configure:14870: result: GNU/Linux ld.so
configure:14921: checking how to hardcode library paths into programs
configure:14946: result: immediate
configure:15012: checking for dlfcn.h
configure:15018: result: yes
configure:15149: checking for dlopen
configure:15228: result: no
configure:15234: checking for dlopen in -ldl
configure:15293: result: yes
configure:15312: checking for sed
configure:15339: result: /bin/sed
configure:15349: checking for perl
configure:15367: found /usr/bin/perl
configure:15379: result: /usr/bin/perl
configure:15446: checking whether NLS is requested
configure:15455: result: yes
configure:15493: checking for msgfmt
configure: trying /usr/bin/msgfmt...
0 translated messages.
configure:15525: result: /usr/bin/msgfmt
configure:15534: checking for gmsgfmt
configure:15565: result: /usr/bin/msgfmt
configure:15616: checking for xgettext
configure: trying /usr/bin/xgettext...
/usr/bin/xgettext: warning: file '/dev/null' extension '' is unknown; will try C
configure:15648: result: /usr/bin/xgettext
configure:15694: checking for msgmerge
configure: trying /usr/bin/msgmerge...
configure:15725: result: /usr/bin/msgmerge
configure:15779: checking for ld used by GCC
configure:15843: result: /usr/bin/ld -m elf_x86_64
configure:15852: checking if the linker (/usr/bin/ld -m elf_x86_64) is GNU ld
configure:15865: result: yes
configure:15872: checking for shared library run path origin
configure:15885: result: done
configure:16342: checking for CFPreferencesCopyAppValue
configure:16370: g++ -o conftest -g -O2 -fno-exceptions   conftest.cpp -ldl  -Wl,-framework -Wl,CoreFoundation >&5
conftest.cpp:25:42: fatal error: CoreFoundation/CFPreferences.h: No such file or directory
 #include <CoreFoundation/CFPreferences.h>
                                          ^
compilation terminated.
configure:16376: $? = 1
configure: failed program was:
| /* confdefs.h.  */
| #define PACKAGE_NAME "GNU Aspell"
| #define PACKAGE_TARNAME "aspell"
| #define PACKAGE_VERSION "0.60.6.1"
| #define PACKAGE_STRING "GNU Aspell 0.60.6.1"
| #define PACKAGE_BUGREPORT ""
| #define PACKAGE "aspell"
| #define VERSION "0.60.6.1"
| #define STDC_HEADERS 1
| #define HAVE_SYS_TYPES_H 1
| #define HAVE_SYS_STAT_H 1
| #define HAVE_STDLIB_H 1
| #define HAVE_STRING_H 1
| #define HAVE_MEMORY_H 1
| #define HAVE_STRINGS_H 1
| #define HAVE_INTTYPES_H 1
| #define HAVE_STDINT_H 1
| #define HAVE_UNISTD_H 1
| #define HAVE_DLFCN_H 1
| #define LT_OBJDIR ".libs/"
| #define HAVE_DLFCN_H 1
| #define HAVE_LIBDL 1
| #define FILTER_VERSION_CONTROL 1
| /* end confdefs.h.  */
| #include <CoreFoundation/CFPreferences.h>
| int
| main ()
| {
| CFPreferencesCopyAppValue(NULL, NULL)
|   ;
|   return 0;
| }
configure:16394: result: no
configure:16403: checking for CFLocaleCopyCurrent
configure:16431: g++ -o conftest -g -O2 -fno-exceptions   conftest.cpp -ldl  -Wl,-framework -Wl,CoreFoundation >&5
conftest.cpp:25:37: fatal error: CoreFoundation/CFLocale.h: No such file or directory
 #include <CoreFoundation/CFLocale.h>
                                     ^
compilation terminated.
configure:16437: $? = 1
configure: failed program was:
| /* confdefs.h.  */
| #define PACKAGE_NAME "GNU Aspell"
| #define PACKAGE_TARNAME "aspell"
| #define PACKAGE_VERSION "0.60.6.1"
| #define PACKAGE_STRING "GNU Aspell 0.60.6.1"
| #define PACKAGE_BUGREPORT ""
| #define PACKAGE "aspell"
| #define VERSION "0.60.6.1"
| #define STDC_HEADERS 1
| #define HAVE_SYS_TYPES_H 1
| #define HAVE_SYS_STAT_H 1
| #define HAVE_STDLIB_H 1
| #define HAVE_STRING_H 1
| #define HAVE_MEMORY_H 1
| #define HAVE_STRINGS_H 1
| #define HAVE_INTTYPES_H 1
| #define HAVE_STDINT_H 1
| #define HAVE_UNISTD_H 1
| #define HAVE_DLFCN_H 1
| #define LT_OBJDIR ".libs/"
| #define HAVE_DLFCN_H 1
| #define HAVE_LIBDL 1
| #define FILTER_VERSION_CONTROL 1
| /* end confdefs.h.  */
| #include <CoreFoundation/CFLocale.h>
| int
| main ()
| {
| CFLocaleCopyCurrent();
|   ;
|   return 0;
| }
configure:16455: result: no
configure:16506: checking for GNU gettext in libc
configure:16536: g++ -o conftest -g -O2 -fno-exceptions   conftest.cpp -ldl  >&5
configure:16542: $? = 0
configure:16560: result: yes
configure:17276: checking whether to use NLS
configure:17278: result: yes
configure:17281: checking where the gettext function comes from
configure:17292: result: libc
configure:17383: checking for dlfcn.h
configure:17389: result: yes
configure:17519: checking for dlopen in -ldl
configure:17578: result: yes
configure:17596: checking if file locking and truncating is supported
configure:17623: g++ -o conftest -g -O2 -fno-exceptions   conftest.cpp -ldl -ldl  >&5
conftest.cpp: In function 'int main()':
conftest.cpp:38:19: warning: ignoring return value of 'int ftruncate(int, __off_t)', declared with attribute warn_unused_result [-Wunused-result]
    ftruncate(fd,0);
                   ^
configure:17629: $? = 0
configure:17635: result: yes
configure:17654: checking if mmap and friends is supported
configure:17680: g++ -o conftest -g -O2 -fno-exceptions   conftest.cpp -ldl -ldl  >&5
configure:17686: $? = 0
configure:17692: result: yes
configure:17710: checking if file ino is supported
configure:17752: g++ -o conftest -g -O2 -fno-exceptions   conftest.cpp -ldl -ldl  >&5
configure:17755: $? = 0
configure:17761: ./conftest
configure:17764: $? = 0
configure:17766: result: yes
configure:17788: checking if posix locals are supported
configure:17812: g++ -c -g -O2 -fno-exceptions  conftest.cpp >&5
configure:17818: $? = 0
configure:17823: result: yes
configure:17842: checking if posix regex are supported
configure:17868: g++ -o conftest -g -O2 -fno-exceptions   conftest.cpp -ldl -ldl  >&5
configure:17874: $? = 0
configure:17880: result: yes
configure:17900: checking for nl_langinfo and CODESET
configure:17926: g++ -o conftest -g -O2 -fno-exceptions   conftest.cpp -ldl -ldl  >&5
configure:17932: $? = 0
configure:17950: result: yes
configure:17969: checking if posix mutexes are supported
configure:18004: g++ -o conftest -g -O2 -fno-exceptions   conftest.cpp  -ldl -ldl  >&5
configure:18010: $? = 0
configure:18036: result: yes
configure:18061: checking if mblen is supported
configure:18086: g++ -o conftest -g -O2 -fno-exceptions   conftest.cpp -ldl -ldl  >&5
configure:18092: $? = 0
configure:18098: result: yes
configure:18146: checking for working curses library
configure:18173: g++ -o conftest -g -O2 -fno-exceptions    conftest.cpp -lncursesw -ldl -ldl  >&5
conftest.cpp:38:29: fatal error: ncursesw/curses.h: No such file or directory
 #include <ncursesw/curses.h>
                             ^
compilation terminated.
configure:18179: $? = 1
configure: failed program was:
| /* confdefs.h.  */
| #define PACKAGE_NAME "GNU Aspell"
| #define PACKAGE_TARNAME "aspell"
| #define PACKAGE_VERSION "0.60.6.1"
| #define PACKAGE_STRING "GNU Aspell 0.60.6.1"
| #define PACKAGE_BUGREPORT ""
| #define PACKAGE "aspell"
| #define VERSION "0.60.6.1"
| #define STDC_HEADERS 1
| #define HAVE_SYS_TYPES_H 1
| #define HAVE_SYS_STAT_H 1
| #define HAVE_STDLIB_H 1
| #define HAVE_STRING_H 1
| #define HAVE_MEMORY_H 1
| #define HAVE_STRINGS_H 1
| #define HAVE_INTTYPES_H 1
| #define HAVE_STDINT_H 1
| #define HAVE_UNISTD_H 1
| #define HAVE_DLFCN_H 1
| #define LT_OBJDIR ".libs/"
| #define HAVE_DLFCN_H 1
| #define HAVE_LIBDL 1
| #define FILTER_VERSION_CONTROL 1
| #define ENABLE_NLS 1
| #define HAVE_GETTEXT 1
| #define HAVE_DCGETTEXT 1
| #define HAVE_DLFCN_H 1
| #define HAVE_LIBDL 1
| #define USE_FILE_LOCKS 1
| #define HAVE_MMAP 1
| #define USE_FILE_INO 1
| #define USE_LOCALE 1
| #define USE_POSIX_REGEX 1
| #define HAVE_LANGINFO_CODESET 1
| #define USE_POSIX_MUTEX 1
| #define HAVE_MBLEN 1
| /* end confdefs.h.  */
| #include <ncursesw/curses.h>
| int
| main ()
| {
| initscr()
|   ;
|   return 0;
| }
configure:18231: g++ -o conftest -g -O2 -fno-exceptions    conftest.cpp -lncurses -ldl -ldl  >&5
conftest.cpp:38:28: fatal error: ncurses/curses.h: No such file or directory
 #include <ncurses/curses.h>
                            ^
compilation terminated.
configure:18237: $? = 1
configure: failed program was:
| /* confdefs.h.  */
| #define PACKAGE_NAME "GNU Aspell"
| #define PACKAGE_TARNAME "aspell"
| #define PACKAGE_VERSION "0.60.6.1"
| #define PACKAGE_STRING "GNU Aspell 0.60.6.1"
| #define PACKAGE_BUGREPORT ""
| #define PACKAGE "aspell"
| #define VERSION "0.60.6.1"
| #define STDC_HEADERS 1
| #define HAVE_SYS_TYPES_H 1
| #define HAVE_SYS_STAT_H 1
| #define HAVE_STDLIB_H 1
| #define HAVE_STRING_H 1
| #define HAVE_MEMORY_H 1
| #define HAVE_STRINGS_H 1
| #define HAVE_INTTYPES_H 1
| #define HAVE_STDINT_H 1
| #define HAVE_UNISTD_H 1
| #define HAVE_DLFCN_H 1
| #define LT_OBJDIR ".libs/"
| #define HAVE_DLFCN_H 1
| #define HAVE_LIBDL 1
| #define FILTER_VERSION_CONTROL 1
| #define ENABLE_NLS 1
| #define HAVE_GETTEXT 1
| #define HAVE_DCGETTEXT 1
| #define HAVE_DLFCN_H 1
| #define HAVE_LIBDL 1
| #define USE_FILE_LOCKS 1
| #define HAVE_MMAP 1
| #define USE_FILE_INO 1
| #define USE_LOCALE 1
| #define USE_POSIX_REGEX 1
| #define HAVE_LANGINFO_CODESET 1
| #define USE_POSIX_MUTEX 1
| #define HAVE_MBLEN 1
| /* end confdefs.h.  */
| #include <ncurses/curses.h>
| int
| main ()
| {
| initscr()
|   ;
|   return 0;
| }
configure:18281: g++ -o conftest -g -O2 -fno-exceptions    conftest.cpp -lncurses -ldl -ldl  >&5
conftest.cpp:38:21: fatal error: ncurses.h: No such file or directory
 #include <ncurses.h>
                     ^
compilation terminated.
configure:18287: $? = 1
configure: failed program was:
| /* confdefs.h.  */
| #define PACKAGE_NAME "GNU Aspell"
| #define PACKAGE_TARNAME "aspell"
| #define PACKAGE_VERSION "0.60.6.1"
| #define PACKAGE_STRING "GNU Aspell 0.60.6.1"
| #define PACKAGE_BUGREPORT ""
| #define PACKAGE "aspell"
| #define VERSION "0.60.6.1"
| #define STDC_HEADERS 1
| #define HAVE_SYS_TYPES_H 1
| #define HAVE_SYS_STAT_H 1
| #define HAVE_STDLIB_H 1
| #define HAVE_STRING_H 1
| #define HAVE_MEMORY_H 1
| #define HAVE_STRINGS_H 1
| #define HAVE_INTTYPES_H 1
| #define HAVE_STDINT_H 1
| #define HAVE_UNISTD_H 1
| #define HAVE_DLFCN_H 1
| #define LT_OBJDIR ".libs/"
| #define HAVE_DLFCN_H 1
| #define HAVE_LIBDL 1
| #define FILTER_VERSION_CONTROL 1
| #define ENABLE_NLS 1
| #define HAVE_GETTEXT 1
| #define HAVE_DCGETTEXT 1
| #define HAVE_DLFCN_H 1
| #define HAVE_LIBDL 1
| #define USE_FILE_LOCKS 1
| #define HAVE_MMAP 1
| #define USE_FILE_INO 1
| #define USE_LOCALE 1
| #define USE_POSIX_REGEX 1
| #define HAVE_LANGINFO_CODESET 1
| #define USE_POSIX_MUTEX 1
| #define HAVE_MBLEN 1
| /* end confdefs.h.  */
| #include <ncurses.h>
| int
| main ()
| {
| initscr()
|   ;
|   return 0;
| }
configure:18331: g++ -o conftest -g -O2 -fno-exceptions    conftest.cpp -lcurses -ldl -ldl  >&5
conftest.cpp:38:20: fatal error: curses.h: No such file or directory
 #include <curses.h>
                    ^
compilation terminated.
configure:18337: $? = 1
configure: failed program was:
| /* confdefs.h.  */
| #define PACKAGE_NAME "GNU Aspell"
| #define PACKAGE_TARNAME "aspell"
| #define PACKAGE_VERSION "0.60.6.1"
| #define PACKAGE_STRING "GNU Aspell 0.60.6.1"
| #define PACKAGE_BUGREPORT ""
| #define PACKAGE "aspell"
| #define VERSION "0.60.6.1"
| #define STDC_HEADERS 1
| #define HAVE_SYS_TYPES_H 1
| #define HAVE_SYS_STAT_H 1
| #define HAVE_STDLIB_H 1
| #define HAVE_STRING_H 1
| #define HAVE_MEMORY_H 1
| #define HAVE_STRINGS_H 1
| #define HAVE_INTTYPES_H 1
| #define HAVE_STDINT_H 1
| #define HAVE_UNISTD_H 1
| #define HAVE_DLFCN_H 1
| #define LT_OBJDIR ".libs/"
| #define HAVE_DLFCN_H 1
| #define HAVE_LIBDL 1
| #define FILTER_VERSION_CONTROL 1
| #define ENABLE_NLS 1
| #define HAVE_GETTEXT 1
| #define HAVE_DCGETTEXT 1
| #define HAVE_DLFCN_H 1
| #define HAVE_LIBDL 1
| #define USE_FILE_LOCKS 1
| #define HAVE_MMAP 1
| #define USE_FILE_INO 1
| #define USE_LOCALE 1
| #define USE_POSIX_REGEX 1
| #define HAVE_LANGINFO_CODESET 1
| #define USE_POSIX_MUTEX 1
| #define HAVE_MBLEN 1
| /* end confdefs.h.  */
| #include <curses.h>
| int
| main ()
| {
| initscr()
|   ;
|   return 0;
| }
configure:18381: g++ -o conftest -g -O2 -fno-exceptions    conftest.cpp -lncurses -ldl -ldl  >&5
conftest.cpp:38:20: fatal error: curses.h: No such file or directory
 #include <curses.h>
                    ^
compilation terminated.
configure:18387: $? = 1
configure: failed program was:
| /* confdefs.h.  */
| #define PACKAGE_NAME "GNU Aspell"
| #define PACKAGE_TARNAME "aspell"
| #define PACKAGE_VERSION "0.60.6.1"
| #define PACKAGE_STRING "GNU Aspell 0.60.6.1"
| #define PACKAGE_BUGREPORT ""
| #define PACKAGE "aspell"
| #define VERSION "0.60.6.1"
| #define STDC_HEADERS 1
| #define HAVE_SYS_TYPES_H 1
| #define HAVE_SYS_STAT_H 1
| #define HAVE_STDLIB_H 1
| #define HAVE_STRING_H 1
| #define HAVE_MEMORY_H 1
| #define HAVE_STRINGS_H 1
| #define HAVE_INTTYPES_H 1
| #define HAVE_STDINT_H 1
| #define HAVE_UNISTD_H 1
| #define HAVE_DLFCN_H 1
| #define LT_OBJDIR ".libs/"
| #define HAVE_DLFCN_H 1
| #define HAVE_LIBDL 1
| #define FILTER_VERSION_CONTROL 1
| #define ENABLE_NLS 1
| #define HAVE_GETTEXT 1
| #define HAVE_DCGETTEXT 1
| #define HAVE_DLFCN_H 1
| #define HAVE_LIBDL 1
| #define USE_FILE_LOCKS 1
| #define HAVE_MMAP 1
| #define USE_FILE_INO 1
| #define USE_LOCALE 1
| #define USE_POSIX_REGEX 1
| #define HAVE_LANGINFO_CODESET 1
| #define USE_POSIX_MUTEX 1
| #define HAVE_MBLEN 1
| /* end confdefs.h.  */
| #include <curses.h>
| int
| main ()
| {
| initscr()
|   ;
|   return 0;
| }
configure:18432: result: not found
configure:18789: checking if posix termios is supported
configure:18818: g++ -o conftest -g -O2 -fno-exceptions   conftest.cpp -ldl -ldl  >&5
conftest.cpp: In function 'int main()':
conftest.cpp:45:14: warning: null argument where non-null required (argument 1) [-Wnonnull]
      atexit(0);
              ^
configure:18824: $? = 0
configure:18830: result: yes
configure:18919: checking for STL rel_ops pollution
configure:18952: g++ -c -g -O2 -fno-exceptions  conftest.cpp >&5
configure:18958: $? = 0
configure:18963: result: no
configure:19146: creating ./config.status

## ---------------------- ##
## Running config.status. ##
## ---------------------- ##

This file was extended by GNU Aspell config.status 0.60.6.1, which was
generated by GNU Autoconf 2.61.  Invocation command line was

  CONFIG_FILES    = 
  CONFIG_HEADERS  = 
  CONFIG_LINKS    = 
  CONFIG_COMMANDS = 
  $ ./config.status 

on makino-VirtualBox

config.status:965: creating Makefile
config.status:965: creating gen/Makefile
config.status:965: creating common/Makefile
config.status:965: creating lib/Makefile
config.status:965: creating data/Makefile
config.status:965: creating auto/Makefile
config.status:965: creating modules/Makefile
config.status:965: creating modules/tokenizer/Makefile
config.status:965: creating modules/speller/Makefile
config.status:965: creating modules/speller/default/Makefile
config.status:965: creating interfaces/Makefile
config.status:965: creating interfaces/cc/Makefile
config.status:965: creating scripts/Makefile
config.status:965: creating examples/Makefile
config.status:965: creating prog/Makefile
config.status:965: creating manual/Makefile
config.status:965: creating po/Makefile.in
config.status:965: creating m4/Makefile
config.status:965: creating modules/filter/Makefile
config.status:965: creating myspell/Makefile
config.status:965: creating lib5/Makefile
config.status:965: creating gen/settings.h
config.status:1257: executing depfiles commands
config.status:1257: executing libtool commands
config.status:1257: executing po-directories commands

## ---------------- ##
## Cache variables. ##
## ---------------- ##

ac_cv_build=x86_64-unknown-linux-gnu
ac_cv_c_compiler_gnu=yes
ac_cv_cxx_compiler_gnu=yes
ac_cv_env_CCC_set=
ac_cv_env_CCC_value=
ac_cv_env_CC_set=
ac_cv_env_CC_value=
ac_cv_env_CFLAGS_set=
ac_cv_env_CFLAGS_value=
ac_cv_env_CPPFLAGS_set=
ac_cv_env_CPPFLAGS_value=
ac_cv_env_CPP_set=
ac_cv_env_CPP_value=
ac_cv_env_CXXCPP_set=
ac_cv_env_CXXCPP_value=
ac_cv_env_CXXFLAGS_set=
ac_cv_env_CXXFLAGS_value=
ac_cv_env_CXX_set=
ac_cv_env_CXX_value=
ac_cv_env_LDFLAGS_set=
ac_cv_env_LDFLAGS_value=
ac_cv_env_LIBS_set=
ac_cv_env_LIBS_value=
ac_cv_env_build_alias_set=
ac_cv_env_build_alias_value=
ac_cv_env_host_alias_set=
ac_cv_env_host_alias_value=
ac_cv_env_target_alias_set=
ac_cv_env_target_alias_value=
ac_cv_func_dlopen=no
ac_cv_func_shl_load=no
ac_cv_header_dlfcn_h=yes
ac_cv_header_inttypes_h=yes
ac_cv_header_memory_h=yes
ac_cv_header_stdc=yes
ac_cv_header_stdint_h=yes
ac_cv_header_stdlib_h=yes
ac_cv_header_string_h=yes
ac_cv_header_strings_h=yes
ac_cv_header_sys_stat_h=yes
ac_cv_header_sys_types_h=yes
ac_cv_header_unistd_h=yes
ac_cv_host=x86_64-unknown-linux-gnu
ac_cv_lib_dl_dlopen=yes
ac_cv_lib_dld_shl_load=no
ac_cv_objext=o
ac_cv_path_EGREP='/bin/grep -E'
ac_cv_path_FGREP='/bin/grep -F'
ac_cv_path_GMSGFMT=/usr/bin/msgfmt
ac_cv_path_GREP=/bin/grep
ac_cv_path_MSGFMT=/usr/bin/msgfmt
ac_cv_path_MSGMERGE=/usr/bin/msgmerge
ac_cv_path_PERLPROG=/usr/bin/perl
ac_cv_path_SED=/bin/sed
ac_cv_path_XGETTEXT=/usr/bin/xgettext
ac_cv_path_install='/usr/bin/install -c'
ac_cv_path_mkdir=/bin/mkdir
ac_cv_prog_AWK=mawk
ac_cv_prog_CPP='gcc -E'
ac_cv_prog_CXXCPP='g++ -E'
ac_cv_prog_SED=/bin/sed
ac_cv_prog_ac_ct_AR=ar
ac_cv_prog_ac_ct_CC=gcc
ac_cv_prog_ac_ct_CXX=g++
ac_cv_prog_ac_ct_RANLIB=ranlib
ac_cv_prog_ac_ct_STRIP=strip
ac_cv_prog_cc_c89=
ac_cv_prog_cc_g=yes
ac_cv_prog_cc_gcc_c_o=yes
ac_cv_prog_cxx_g=yes
ac_cv_prog_make_make_set=yes
ac_cv_target=x86_64-unknown-linux-gnu
acl_cv_hardcode_direct=no
acl_cv_hardcode_libdir_flag_spec='${wl}-rpath ${wl}$libdir'
acl_cv_hardcode_libdir_separator=
acl_cv_hardcode_minus_L=no
acl_cv_libext=a
acl_cv_path_LD='/usr/bin/ld -m elf_x86_64'
acl_cv_prog_gnu_ld=yes
acl_cv_rpath=done
acl_cv_shlibext=so
acl_cv_wl=-Wl,
am_cv_CC_dependencies_compiler_type=gcc3
am_cv_CXX_dependencies_compiler_type=gcc3
am_cv_langinfo_codeset=yes
gt_cv_func_CFLocaleCopyCurrent=no
gt_cv_func_CFPreferencesCopyAppValue=no
gt_cv_func_gnugettext1_libc=yes
lt_cv_deplibs_check_method=pass_all
lt_cv_dlopen=dlopen
lt_cv_dlopen_libs=-ldl
lt_cv_dlopen_self=yes
lt_cv_dlopen_self_static=no
lt_cv_file_magic_cmd='$MAGIC_CMD'
lt_cv_file_magic_test_file=
lt_cv_ld_reload_flag=-r
lt_cv_nm_interface='BSD nm'
lt_cv_objdir=.libs
lt_cv_path_LD=/usr/bin/ld
lt_cv_path_LDCXX='/usr/bin/ld -m elf_x86_64'
lt_cv_path_NM='/usr/bin/nm -B'
lt_cv_prog_compiler_c_o=yes
lt_cv_prog_compiler_c_o_CXX=yes
lt_cv_prog_compiler_pic_works=yes
lt_cv_prog_compiler_pic_works_CXX=yes
lt_cv_prog_compiler_rtti_exceptions=no
lt_cv_prog_compiler_static_works=yes
lt_cv_prog_compiler_static_works_CXX=yes
lt_cv_prog_gnu_ld=yes
lt_cv_prog_gnu_ldcxx=yes
lt_cv_sys_global_symbol_pipe='sed -n -e '\''s/^.*[	 ]\([ABCDGIRSTW][ABCDGIRSTW]*\)[	 ][	 ]*\([_A-Za-z][_A-Za-z0-9]*\)$/\1 \2 \2/p'\'''
lt_cv_sys_global_symbol_to_c_name_address='sed -n -e '\''s/^: \([^ ]*\) $/  {\"\1\", (void *) 0},/p'\'' -e '\''s/^[ABCDGIRSTW]* \([^ ]*\) \([^ ]*\)$/  {"\2", (void *) \&\2},/p'\'''
lt_cv_sys_global_symbol_to_c_name_address_lib_prefix='sed -n -e '\''s/^: \([^ ]*\) $/  {\"\1\", (void *) 0},/p'\'' -e '\''s/^[ABCDGIRSTW]* \([^ ]*\) \(lib[^ ]*\)$/  {"\2", (void *) \&\2},/p'\'' -e '\''s/^[ABCDGIRSTW]* \([^ ]*\) \([^ ]*\)$/  {"lib\2", (void *) \&\2},/p'\'''
lt_cv_sys_global_symbol_to_cdecl='sed -n -e '\''s/^T .* \(.*\)$/extern int \1();/p'\'' -e '\''s/^[ABCDGIRSTW]* .* \(.*\)$/extern char \1;/p'\'''
lt_cv_sys_max_cmd_len=1572864

## ----------------- ##
## Output variables. ##
## ----------------- ##

ACLOCAL='${SHELL} /var/www/dhtml/pspell-dev/aspell-0.60.6.1/missing --run aclocal-1.10'
AMDEPBACKSLASH='\'
AMDEP_FALSE='#'
AMDEP_TRUE=''
AMTAR='${SHELL} /var/www/dhtml/pspell-dev/aspell-0.60.6.1/missing --run tar'
AR='ar'
AUTOCONF='${SHELL} /var/www/dhtml/pspell-dev/aspell-0.60.6.1/missing --run autoconf'
AUTOHEADER='${SHELL} /var/www/dhtml/pspell-dev/aspell-0.60.6.1/missing --run autoheader'
AUTOMAKE='${SHELL} /var/www/dhtml/pspell-dev/aspell-0.60.6.1/missing --run automake-1.10'
AWK='mawk'
CC='gcc'
CCDEPMODE='depmode=gcc3'
CFLAGS='-g -O2'
COMPILE_IN_FILTERS_FALSE=''
COMPILE_IN_FILTERS_TRUE='#'
CPP='gcc -E'
CPPFLAGS=''
CURSES_INCLUDE=''
CURSES_LIB=''
CXX='g++'
CXXCPP='g++ -E'
CXXDEPMODE='depmode=gcc3'
CXXFLAGS='-g -O2 -fno-exceptions'
CYGPATH_W='echo'
DEFS='-DHAVE_CONFIG_H'
DEPDIR='.deps'
DSYMUTIL=''
DUMPBIN=''
ECHO_C=''
ECHO_N='-n'
ECHO_T=''
EGREP='/bin/grep -E'
EXEEXT=''
FGREP='/bin/grep -F'
GMSGFMT='/usr/bin/msgfmt'
GMSGFMT_015='/usr/bin/msgfmt'
GREP='/bin/grep'
INCREMENTED_SONAME_FALSE=''
INCREMENTED_SONAME_TRUE='#'
INSTALL_DATA='${INSTALL} -m 644'
INSTALL_PROGRAM='${INSTALL}'
INSTALL_SCRIPT='${INSTALL}'
INSTALL_STRIP_PROGRAM='$(install_sh) -c -s'
INTLLIBS=''
INTL_MACOSX_LIBS=''
LD='/usr/bin/ld -m elf_x86_64'
LDFLAGS=''
LIBICONV='-liconv'
LIBINTL=''
LIBOBJS=''
LIBS='-ldl -ldl '
LIBTOOL='$(SHELL) $(top_builddir)/libtool'
LN_S='cp -p'
LTLIBICONV='-liconv'
LTLIBINTL=''
LTLIBOBJS=''
MAINT='#'
MAINTAINER_MODE_FALSE=''
MAINTAINER_MODE_TRUE='#'
MAKEINFO='${SHELL} /var/www/dhtml/pspell-dev/aspell-0.60.6.1/missing --run makeinfo'
MSGFMT='/usr/bin/msgfmt'
MSGFMT_015='/usr/bin/msgfmt'
MSGMERGE='/usr/bin/msgmerge'
NM='/usr/bin/nm -B'
NMEDIT=''
OBJEXT='o'
PACKAGE='aspell'
PACKAGE_BUGREPORT=''
PACKAGE_NAME='GNU Aspell'
PACKAGE_STRING='GNU Aspell 0.60.6.1'
PACKAGE_TARNAME='aspell'
PACKAGE_VERSION='0.60.6.1'
PATH_SEPARATOR=':'
PERLPROG='/usr/bin/perl'
POSUB='po'
PSPELL_COMPATIBILITY_FALSE='#'
PSPELL_COMPATIBILITY_TRUE=''
PTHREAD_LIB=''
RANLIB='ranlib'
SED='/bin/sed'
SET_MAKE=''
SHELL='/bin/bash'
STRIP='strip'
USE_NLS='yes'
VERSION='0.60.6.1'
XGETTEXT='/usr/bin/xgettext'
XGETTEXT_015='/usr/bin/xgettext'
ac_ct_CC='gcc'
ac_ct_CXX='g++'
ac_ct_DUMPBIN=''
am__fastdepCC_FALSE='#'
am__fastdepCC_TRUE=''
am__fastdepCXX_FALSE='#'
am__fastdepCXX_TRUE=''
am__include='include'
am__isrc=''
am__leading_dot='.'
am__quote=''
am__tar='${AMTAR} chof - "$$tardir"'
am__untar='${AMTAR} xf -'
bindir='${exec_prefix}/bin'
build='x86_64-unknown-linux-gnu'
build_alias=''
build_cpu='x86_64'
build_os='linux-gnu'
build_vendor='unknown'
datadir='${datarootdir}'
datarootdir='${prefix}/share'
docdir='${datarootdir}/doc/${PACKAGE_TARNAME}'
dvidir='${docdir}'
exec_prefix='${prefix}'
host='x86_64-unknown-linux-gnu'
host_alias=''
host_cpu='x86_64'
host_os='linux-gnu'
host_vendor='unknown'
htmldir='${docdir}'
includedir='${prefix}/include'
infodir='${datarootdir}/info'
install_sh='$(SHELL) /var/www/dhtml/pspell-dev/aspell-0.60.6.1/install-sh'
libdir='${exec_prefix}/lib'
libexecdir='${exec_prefix}/libexec'
localedir='${datarootdir}/locale'
localstatedir='${prefix}/var'
lt_ECHO='echo'
mandir='${datarootdir}/man'
mkdir_p='/bin/mkdir -p'
oldincludedir='/usr/include'
pdfdir='${docdir}'
pkgdatadir='${libdir}/aspell-0.60'
pkgdocdir='${prefix}/share/doc/aspell'
pkglibdir='${libdir}/aspell-0.60'
prefix='/app/user/aspell'
program_transform_name='s,x,x,'
psdir='${docdir}'
sbindir='${exec_prefix}/sbin'
sharedstatedir='${prefix}/com'
sysconfdir='${prefix}/etc'
target='x86_64-unknown-linux-gnu'
target_alias=''
target_cpu='x86_64'
target_os='linux-gnu'
target_vendor='unknown'

## ----------- ##
## confdefs.h. ##
## ----------- ##

#define PACKAGE_NAME "GNU Aspell"
#define PACKAGE_TARNAME "aspell"
#define PACKAGE_VERSION "0.60.6.1"
#define PACKAGE_STRING "GNU Aspell 0.60.6.1"
#define PACKAGE_BUGREPORT ""
#define PACKAGE "aspell"
#define VERSION "0.60.6.1"
#define STDC_HEADERS 1
#define HAVE_SYS_TYPES_H 1
#define HAVE_SYS_STAT_H 1
#define HAVE_STDLIB_H 1
#define HAVE_STRING_H 1
#define HAVE_MEMORY_H 1
#define HAVE_STRINGS_H 1
#define HAVE_INTTYPES_H 1
#define HAVE_STDINT_H 1
#define HAVE_UNISTD_H 1
#define HAVE_DLFCN_H 1
#define LT_OBJDIR ".libs/"
#define HAVE_DLFCN_H 1
#define HAVE_LIBDL 1
#define FILTER_VERSION_CONTROL 1
#define ENABLE_NLS 1
#define HAVE_GETTEXT 1
#define HAVE_DCGETTEXT 1
#define HAVE_DLFCN_H 1
#define HAVE_LIBDL 1
#define USE_FILE_LOCKS 1
#define HAVE_MMAP 1
#define USE_FILE_INO 1
#define USE_LOCALE 1
#define USE_POSIX_REGEX 1
#define HAVE_LANGINFO_CODESET 1
#define USE_POSIX_MUTEX 1
#define HAVE_MBLEN 1
#define POSIX_TERMIOS 1

configure: exit 0
